time="2022-01-27T16:36:48+08:00" level=info msg=AccountInfo
time="2022-01-27T16:36:49+08:00" level=info msg=AccountInfo
time="2022-01-28T11:40:22+08:00" level=info msg=AccountInfo
time="2022-01-28T11:43:07+08:00" level=info msg=AccountInfo
time="2022-01-28T16:07:23+08:00" level=info msg=AccountInfo
time="2022-01-28T16:54:51+08:00" level=info msg="产生数据GetCoinInfo 失败 无该产品 %sBABYDOGE-USDT-SWAP"
time="2022-01-28T16:54:51+08:00" level=info msg="产生数据GetCoinInfo 失败 无该产品 %sSOS-USDT-SWAP"
time="2022-01-28T16:54:51+08:00" level=info msg="产生数据GetCoinInfo 失败 无该产品 %sCFX-USDT-SWAP"
time="2022-01-28T17:14:31+08:00" level=info msg="产生数据GetCoinInfo 失败 无该产品 %sBABYDOGE-USDT-SWAP"
time="2022-01-28T17:14:31+08:00" level=info msg="产生数据GetCoinInfo 失败 无该产品 %sSOS-USDT-SWAP"
time="2022-01-28T17:14:31+08:00" level=info msg="产生数据GetCoinInfo 失败 无该产品 %sCFX-USDT-SWAP"
time="2022-01-29T11:52:43+08:00" level=info msg=AccountInfo
time="2022-01-29T13:18:32+08:00" level=info msg=AccountInfo
time="2022-01-29T13:18:36+08:00" level=info msg=AccountInfo
time="2022-01-29T13:18:42+08:00" level=info msg=AccountInfo
time="2022-01-29T17:01:21+08:00" level=error msg="获取币币交易 SPOT corninfo失败 %sSOS_USDT_SWAP"
time="2022-01-29T17:13:27+08:00" level=info msg="做空产品 SOS_USDT_SWAP 数量%!f(int=12), money = 0.000000 成功 "
time="2022-01-29T17:19:17+08:00" level=info msg="做空产品 SOS_USDT_SWAP 数量%!f(int=4), money = 0.000000 成功 "
time="2022-01-29T17:27:37+08:00" level=info msg="做空产品 SOS_USDT_SWAP 数量%!f(int=4), money = 0.000000 成功 "
time="2022-01-29T17:28:22+08:00" level=error msg="做空加仓失败 产品 %s, 低于最低数量 %v, 涨幅 = %v, 价格 %vSOS_USDT_SWAP1e+06 1 0 2.306e-06"
time="2022-01-29T17:33:56+08:00" level=info msg="做空产品 SOS_USDT_SWAP 数量%!f(int=4), money = 0.000000 成功 "
time="2022-01-29T17:35:04+08:00" level=info msg="做空无需加仓 产品 %s, 低于最低数量 %v, 涨幅 = %v, 价格 %vSOS_USDT_SWAP1e+06 0 2.306e-06"
time="2022-01-29T17:35:52+08:00" level=info msg="做空无需加仓 产品 %s, 低于最低数量 %v, 涨幅 = %v, 价格 %vSOS_USDT_SWAP1e+06 0 2.308e-06"
time="2022-01-29T17:36:52+08:00" level=info msg="做空无需加仓 产品 %s, 低于最低数量 %v, 涨幅 = %v, 价格 %vSOS_USDT_SWAP1e+06 0 2.307e-06"
time="2022-01-29T17:37:52+08:00" level=info msg="做空无需加仓 产品 %s, 低于最低数量 %v, 涨幅 = %v, 价格 %vSOS_USDT_SWAP1e+06 0 2.303e-06"
time="2022-01-29T17:38:52+08:00" level=info msg="做空无需加仓 产品 %s, 低于最低数量 %v, 涨幅 = %v, 价格 %vSOS_USDT_SWAP1e+06 0 2.3e-06"
time="2022-01-29T17:39:52+08:00" level=info msg="做空无需加仓 产品 %s, 低于最低数量 %v, 涨幅 = %v, 价格 %vSOS_USDT_SWAP1e+06 0 2.294e-06"
time="2022-01-29T17:40:05+08:00" level=info msg=AccountInfo
time="2022-01-29T17:40:17+08:00" level=info msg=AccountInfo
time="2022-01-29T17:40:29+08:00" level=info msg=AccountInfo
time="2022-01-29T17:40:31+08:00" level=info msg=AccountInfo
time="2022-01-29T17:40:52+08:00" level=info msg="做空无需加仓 产品 %s, 低于最低数量 %v, 涨幅 = %v, 价格 %vSOS_USDT_SWAP1e+06 0 2.3e-06"
time="2022-01-29T17:41:52+08:00" level=info msg="做空无需加仓 产品 %s, 低于最低数量 %v, 涨幅 = %v, 价格 %vSOS_USDT_SWAP1e+06 0 2.304e-06"
time="2022-01-29T17:42:52+08:00" level=info msg="做空无需加仓 产品 %s, 低于最低数量 %v, 涨幅 = %v, 价格 %vSOS_USDT_SWAP1e+06 0 2.298e-06"
time="2022-01-29T17:43:52+08:00" level=info msg="做空无需加仓 产品 %s, 低于最低数量 %v, 涨幅 = %v, 价格 %vSOS_USDT_SWAP1e+06 0 2.295e-06"
time="2022-01-29T17:44:52+08:00" level=info msg="做空无需加仓 产品 %s, 低于最低数量 %v, 涨幅 = %v, 价格 %vSOS_USDT_SWAP1e+06 0 2.297e-06"
time="2022-01-29T17:45:52+08:00" level=info msg="做空无需加仓 产品 %s, 低于最低数量 %v, 涨幅 = %v, 价格 %vSOS_USDT_SWAP1e+06 0 2.294e-06"
time="2022-01-29T17:46:52+08:00" level=info msg="做空无需加仓 产品 %s, 低于最低数量 %v, 涨幅 = %v, 价格 %vSOS_USDT_SWAP1e+06 0 2.296e-06"
time="2022-01-29T17:47:52+08:00" level=info msg="做空无需加仓 产品 %s, 低于最低数量 %v, 涨幅 = %v, 价格 %vSOS_USDT_SWAP1e+06 0 2.294e-06"
time="2022-01-29T17:48:52+08:00" level=info msg="做空无需加仓 产品 %s, 低于最低数量 %v, 涨幅 = %v, 价格 %vSOS_USDT_SWAP1e+06 0 2.304e-06"
time="2022-01-29T17:49:52+08:00" level=info msg="做空无需加仓 产品 %s, 低于最低数量 %v, 涨幅 = %v, 价格 %vSOS_USDT_SWAP1e+06 0 2.3e-06"
time="2022-01-29T17:50:52+08:00" level=info msg="做空无需加仓 产品 %s, 低于最低数量 %v, 涨幅 = %v, 价格 %vSOS_USDT_SWAP1e+06 0 2.3e-06"
time="2022-01-29T17:51:52+08:00" level=info msg="做空无需加仓 产品 %s, 低于最低数量 %v, 涨幅 = %v, 价格 %vSOS_USDT_SWAP1e+06 0 2.296e-06"
time="2022-01-29T17:52:52+08:00" level=info msg="做空无需加仓 产品 %s, 低于最低数量 %v, 涨幅 = %v, 价格 %vSOS_USDT_SWAP1e+06 0 2.293e-06"
time="2022-01-29T18:14:34+08:00" level=info msg="做空产品 SOS_USDT_SWAP 数量4, price = 2.301e-06 成功 "
time="2022-01-29T18:14:36+08:00" level=info msg="做空无需加仓 产品 %s, 低于最低数量 %v, 涨幅 = %v, 价格 %vSOS_USDT_SWAP1e+06 0 2.308e-06"
time="2022-01-29T18:15:25+08:00" level=info msg="做空无需加仓 产品 %s, 低于最低数量 %v, 涨幅 = %v, 价格 %vSOS_USDT_SWAP1e+06 0 2.303e-06"
time="2022-01-29T18:17:32+08:00" level=info msg="做空产品 SOS_USDT_SWAP 数量4, price = 2.303e-06 成功 "
time="2022-01-29T18:18:21+08:00" level=info msg="做空无需加仓 产品 SOS_USDT_SWAP, 低于最低数量 1e+06, 涨幅 = 0, 价格 2.305e-06"
time="2022-01-30T10:24:41+08:00" level=info msg="做空产品 SOS-USDT-SWAP 数量3, price = 2.991e-06 money = 8.973 成功 "
time="2022-01-30T10:29:41+08:00" level=info msg="做空产品 SOS-USDT-SWAP 数量6, price = 3.001e-06 money = 18.006 成功 "
time="2022-01-30T10:30:41+08:00" level=info msg="做空无需加仓 产品 SOS-USDT-SWAP, 低于最低数量 1e+06, 涨幅 = 0, 价格 3.001e-06"
time="2022-01-30T10:31:41+08:00" level=info msg="做空无需加仓 产品 SOS-USDT-SWAP, 低于最低数量 1e+06, 涨幅 = 0, 价格 3.009e-06"
time="2022-01-30T10:32:41+08:00" level=info msg="做空无需加仓 产品 SOS-USDT-SWAP, 低于最低数量 1e+06, 涨幅 = 0, 价格 3.015e-06"
time="2022-01-30T10:33:41+08:00" level=info msg="做空无需加仓 产品 SOS-USDT-SWAP, 低于最低数量 1e+06, 涨幅 = 0, 价格 3.016e-06"
time="2022-01-30T10:34:41+08:00" level=info msg="做空无需加仓 产品 SOS-USDT-SWAP, 低于最低数量 1e+06, 涨幅 = 0, 价格 3.002e-06"
time="2022-01-30T10:35:41+08:00" level=info msg="做空无需加仓 产品 SOS-USDT-SWAP, 低于最低数量 1e+06, 涨幅 = 0, 价格 2.992e-06"
time="2022-01-30T10:37:49+08:00" level=info msg="只打印USDT资产  35.67822622102584"
time="2022-01-30T10:38:45+08:00" level=info msg="只打印USDT资产  35.67822622102584"
time="2022-01-30T10:48:19+08:00" level=info msg="只打印USDT资产  35.67822622102584 USDT"
time="2022-01-30T10:50:04+08:00" level=info msg="做空产品 SOS-USDT-SWAP 数量6, price = 2.975e-06 money = 17.85 成功 "
time="2022-02-04T17:50:03+08:00" level=info msg="获取账户信息失败"
time="2022-02-04T17:50:08+08:00" level=info msg="产生数据GetCoinInfo 失败 %sGet \"https://www.okx.com/api/v5/public/instruments?instType=SWAP&instId=SOS-USDT-SWAP\": context deadline exceeded (Client.Timeout exceeded while awaiting headers)"
time="2022-02-04T17:51:31+08:00" level=info msg="获取账户信息失败"
time="2022-02-04T17:54:41+08:00" level=info msg="获取账户信息失败"
time="2022-02-04T17:55:39+08:00" level=info msg="获取账户信息失败"
time="2022-02-04T17:55:44+08:00" level=info msg="产生数据GetCoinInfo 失败 %sGet \"https://www.okx.com/api/v5/public/instruments?instType=SWAP&instId=SOS-USDT-SWAP\": context deadline exceeded (Client.Timeout exceeded while awaiting headers)"
time="2022-02-04T17:58:43+08:00" level=info msg="获取账户信息失败"
time="2022-02-04T18:00:22+08:00" level=info msg="获取账户信息失败"
time="2022-02-04T18:00:27+08:00" level=info msg="产生数据GetCoinInfo 失败 %sGet \"https://www.okx.com/api/v5/public/instruments?instType=SWAP&instId=SOS-USDT-SWAP\": context deadline exceeded (Client.Timeout exceeded while awaiting headers)"
time="2022-02-04T18:02:33+08:00" level=info msg="获取账户信息失败"
